<?xml version="1.0" encoding="UTF-8"?>
<!-- Generated by org.testng.reporters.JUnitXMLReporter -->
<testsuite ignored="3" hostname="LAPTOP-VB9FJKNE" failures="0" tests="1" name="Mobile Automation Testing" time="19.248" errors="0" timestamp="2025-04-14T22:34:57 IST">
  <testcase classname="qa.test.LoginTest" name="@BeforeMethod before_Method" time="0.744">
    <failure type="java.lang.ClassCastException" message="class io.appium.java_client.AppiumDriver cannot be cast to class io.appium.java_client.android.AndroidDriver (io.appium.java_client.AppiumDriver and io.appium.java_client.android.AndroidDriver are in unnamed module of loader &amp;apos;app&amp;apos;)">
      <![CDATA[java.lang.ClassCastException: class io.appium.java_client.AppiumDriver cannot be cast to class io.appium.java_client.android.AndroidDriver (io.appium.java_client.AppiumDriver and io.appium.java_client.android.AndroidDriver are in unnamed module of loader 'app')
at qa.test.LoginTest.before_Method(LoginTest.java:69)
at java.base/java.util.ArrayList.forEach(ArrayList.java:1511)
... Removed 31 stack frames]]>
    </failure>
  </testcase> <!-- @BeforeMethod before_Method -->
  <testcase classname="qa.test.LoginTest" name="@AfterMethod after_Method" time="0.0">
    <skipped/>
  </testcase> <!-- @AfterMethod after_Method -->
  <testcase classname="qa.test.LoginTest" name="@AfterClass tearDown" time="0.0">
    <skipped/>
  </testcase> <!-- @AfterClass tearDown -->
  <testcase classname="qa.test.LoginTest" name="loginWithInvalidUsername" time="0.0">
    <skipped/>
  </testcase> <!-- loginWithInvalidUsername -->
  <testcase classname="qa.test.ProductTests" name="validateProductInProductDetailsPage" time="0.0">
    <ignored/>
  </testcase> <!-- validateProductInProductDetailsPage -->
  <testcase classname="qa.test.ProductTests" name="validateProductInProductPage" time="0.0">
    <ignored/>
  </testcase> <!-- validateProductInProductPage -->
  <testcase classname="qa.test.LoginTest" name="validLogin" time="0.0">
    <ignored/>
  </testcase> <!-- validLogin -->
</testsuite> <!-- Mobile Automation Testing -->
